  [1m[36m (33.3ms)[0m  [1mCREATE TABLE "schema_migrations" ("version" varchar(255) NOT NULL) [0m
  [1m[35m (0.1ms)[0m  select sqlite_version(*)
  [1m[36m (6.4ms)[0m  [1mCREATE UNIQUE INDEX "unique_schema_migrations" ON "schema_migrations" ("version")[0m
  [1m[35mActiveRecord::SchemaMigration Load (0.1ms)[0m  SELECT "schema_migrations".* FROM "schema_migrations"
Migrating to CreateUsers (20140804094044)
  [1m[36m (0.1ms)[0m  [1mbegin transaction[0m
  [1m[35m (0.8ms)[0m  CREATE TABLE "users" ("id" INTEGER PRIMARY KEY AUTOINCREMENT NOT NULL, "name" varchar(255), "created_at" datetime, "updated_at" datetime) 
  [1m[36mSQL (0.2ms)[0m  [1mINSERT INTO "schema_migrations" ("version") VALUES (?)[0m  [["version", "20140804094044"]]
  [1m[35m (10.3ms)[0m  commit transaction
  [1m[36mActiveRecord::SchemaMigration Load (0.2ms)[0m  [1mSELECT "schema_migrations".* FROM "schema_migrations"[0m


Started GET "/" for 192.168.56.1 at 2014-08-04 18:41:09 +0900
  [1m[36mActiveRecord::SchemaMigration Load (0.1ms)[0m  [1mSELECT "schema_migrations".* FROM "schema_migrations"[0m
Processing by Rails::WelcomeController#index as HTML
  Rendered /usr/local/lib/ruby/gems/2.1.0/gems/railties-4.1.4/lib/rails/templates/rails/welcome/index.html.erb (1.0ms)
{:controller=>{:controller=>"Rails::WelcomeController", :action=>"index", :params=>{"controller"=>"rails/welcome", "action"=>"index"}, :format=>:html, :method=>"GET", :path=>"/", :status=>200, :view_runtime=>4.974923, :db_runtime=>0, :name=>"process_action.action_controller", :time=>2014-08-04 18:41:09 +0900, :duration=>5.1179570000000005}, :views=>[{:virtual_path=>"rails/welcome/index", :identifier=>"/usr/local/lib/ruby/gems/2.1.0/gems/railties-4.1.4/lib/rails/templates/rails/welcome/index.html.erb", :name=>"!compile_template.action_view", :time=>2014-08-04 18:41:09 +0900, :duration=>0.440558}, {:virtual_path=>"rails/welcome/index", :identifier=>"/usr/local/lib/ruby/gems/2.1.0/gems/railties-4.1.4/lib/rails/templates/rails/welcome/index.html.erb", :name=>"!render_template.action_view", :time=>2014-08-04 18:41:09 +0900, :duration=>0.961573}, {:identifier=>"/usr/local/lib/ruby/gems/2.1.0/gems/railties-4.1.4/lib/rails/templates/rails/welcome/index.html.erb", :layout=>nil, :name=>"render_template.action_view", :time=>2014-08-04 18:41:09 +0900, :duration=>1.030575}], :queries=>[{:sql=>"          SELECT name\n          FROM sqlite_master\n          WHERE type = 'table' AND NOT name = 'sqlite_sequence'\n AND name = \"schema_migrations\"", :name=>"sql.active_record", :connection_id=>-587033958, :statement_name=>nil, :binds=>[], :time=>2014-08-04 18:41:09 +0900, :duration=>1.0951089999999999}, {:sql=>"SELECT \"schema_migrations\".* FROM \"schema_migrations\"", :name=>"sql.active_record", :connection_id=>-587033958, :statement_name=>nil, :binds=>[], :time=>2014-08-04 18:41:09 +0900, :duration=>0.249472}, {:sql=>"PRAGMA table_info(\"schema_migrations\")", :name=>"sql.active_record", :connection_id=>-587033958, :statement_name=>nil, :binds=>[], :time=>2014-08-04 18:41:09 +0900, :duration=>0.23327}, {:sql=>"          SELECT name\n          FROM sqlite_master\n          WHERE type = 'table' AND NOT name = 'sqlite_sequence'\n AND name = \"schema_migrations\"", :name=>"sql.active_record", :connection_id=>-587033958, :statement_name=>nil, :binds=>[], :time=>2014-08-04 18:41:09 +0900, :duration=>0.108393}, {:sql=>"          SELECT name\n          FROM sqlite_master\n          WHERE type = 'table' AND NOT name = 'sqlite_sequence'\n AND name = \"schema_migrations\"", :name=>"sql.active_record", :connection_id=>-587033958, :statement_name=>nil, :binds=>[], :time=>2014-08-04 18:41:09 +0900, :duration=>0.112304}, {:sql=>"PRAGMA table_info(\"schema_migrations\")", :name=>"sql.active_record", :connection_id=>-587033958, :statement_name=>nil, :binds=>[], :time=>2014-08-04 18:41:09 +0900, :duration=>0.13660899999999998}], :created_at=>2014-08-04 18:41:09 +0900}
Completed 200 OK in 6ms (Views: 5.0ms | ActiveRecord: 0.0ms)


Started GET "/" for 192.168.56.1 at 2014-08-04 18:41:45 +0900
  [1m[36mActiveRecord::SchemaMigration Load (0.1ms)[0m  [1mSELECT "schema_migrations".* FROM "schema_migrations"[0m
Processing by Rails::WelcomeController#index as HTML
  Rendered /usr/local/lib/ruby/gems/2.1.0/gems/railties-4.1.4/lib/rails/templates/rails/welcome/index.html.erb (1.9ms)
{:controller=>{:controller=>"Rails::WelcomeController", :action=>"index", :params=>{"controller"=>"rails/welcome", "action"=>"index"}, :format=>:html, :method=>"GET", :path=>"/", :status=>200, :view_runtime=>5.755747, :db_runtime=>0, :name=>"process_action.action_controller", :time=>2014-08-04 18:41:45 +0900, :duration=>6.104394}, :views=>[{:virtual_path=>"rails/welcome/index", :identifier=>"/usr/local/lib/ruby/gems/2.1.0/gems/railties-4.1.4/lib/rails/templates/rails/welcome/index.html.erb", :name=>"!compile_template.action_view", :time=>2014-08-04 18:41:45 +0900, :duration=>1.316924}, {:virtual_path=>"rails/welcome/index", :identifier=>"/usr/local/lib/ruby/gems/2.1.0/gems/railties-4.1.4/lib/rails/templates/rails/welcome/index.html.erb", :name=>"!render_template.action_view", :time=>2014-08-04 18:41:45 +0900, :duration=>1.8181040000000002}, {:identifier=>"/usr/local/lib/ruby/gems/2.1.0/gems/railties-4.1.4/lib/rails/templates/rails/welcome/index.html.erb", :layout=>nil, :name=>"render_template.action_view", :time=>2014-08-04 18:41:45 +0900, :duration=>1.935996}], :queries=>[{:sql=>"          SELECT name\n          FROM sqlite_master\n          WHERE type = 'table' AND NOT name = 'sqlite_sequence'\n AND name = \"schema_migrations\"", :name=>"sql.active_record", :connection_id=>-584142898, :statement_name=>nil, :binds=>[], :time=>2014-08-04 18:41:45 +0900, :duration=>1.062702}, {:sql=>"SELECT \"schema_migrations\".* FROM \"schema_migrations\"", :name=>"sql.active_record", :connection_id=>-584142898, :statement_name=>nil, :binds=>[], :time=>2014-08-04 18:41:45 +0900, :duration=>0.24723699999999998}, {:sql=>"PRAGMA table_info(\"schema_migrations\")", :name=>"sql.active_record", :connection_id=>-584142898, :statement_name=>nil, :binds=>[], :time=>2014-08-04 18:41:45 +0900, :duration=>0.074311}, {:sql=>"          SELECT name\n          FROM sqlite_master\n          WHERE type = 'table' AND NOT name = 'sqlite_sequence'\n AND name = \"schema_migrations\"", :name=>"sql.active_record", :connection_id=>-584142898, :statement_name=>nil, :binds=>[], :time=>2014-08-04 18:41:45 +0900, :duration=>0.112025}, {:sql=>"          SELECT name\n          FROM sqlite_master\n          WHERE type = 'table' AND NOT name = 'sqlite_sequence'\n AND name = \"schema_migrations\"", :name=>"sql.active_record", :connection_id=>-584142898, :statement_name=>nil, :binds=>[], :time=>2014-08-04 18:41:45 +0900, :duration=>0.087161}, {:sql=>"PRAGMA table_info(\"schema_migrations\")", :name=>"sql.active_record", :connection_id=>-584142898, :statement_name=>nil, :binds=>[], :time=>2014-08-04 18:41:45 +0900, :duration=>0.08911699999999999}], :created_at=>2014-08-04 18:41:45 +0900}
Completed 200 OK in 7ms (Views: 5.8ms | ActiveRecord: 0.0ms)


Started GET "/rails/info/properties" for 192.168.56.1 at 2014-08-04 18:41:46 +0900
Processing by Rails::InfoController#properties as HTML
  [1m[35mActiveRecord::SchemaMigration Load (0.1ms)[0m  SELECT "schema_migrations".* FROM "schema_migrations"
  Rendered /usr/local/lib/ruby/gems/2.1.0/gems/railties-4.1.4/lib/rails/templates/rails/info/properties.html.erb (0.6ms)
{:controller=>{:controller=>"Rails::InfoController", :action=>"properties", :params=>{"controller"=>"rails/info", "action"=>"properties"}, :format=>:html, :method=>"GET", :path=>"/rails/info/properties", :status=>200, :view_runtime=>7.842040999999999, :db_runtime=>0.429943, :name=>"process_action.action_controller", :time=>2014-08-04 18:41:46 +0900, :duration=>18.96941}, :views=>[{:virtual_path=>"rails/info/properties", :identifier=>"/usr/local/lib/ruby/gems/2.1.0/gems/railties-4.1.4/lib/rails/templates/rails/info/properties.html.erb", :name=>"!compile_template.action_view", :time=>2014-08-04 18:41:46 +0900, :duration=>0.419884}, {:virtual_path=>"rails/info/properties", :identifier=>"/usr/local/lib/ruby/gems/2.1.0/gems/railties-4.1.4/lib/rails/templates/rails/info/properties.html.erb", :name=>"!render_template.action_view", :time=>2014-08-04 18:41:46 +0900, :duration=>0.535262}, {:identifier=>"/usr/local/lib/ruby/gems/2.1.0/gems/railties-4.1.4/lib/rails/templates/rails/info/properties.html.erb", :layout=>nil, :name=>"render_template.action_view", :time=>2014-08-04 18:41:46 +0900, :duration=>0.6176750000000001}], :queries=>[{:sql=>"          SELECT name\n          FROM sqlite_master\n          WHERE type = 'table' AND NOT name = 'sqlite_sequence'\n AND name = \"schema_migrations\"", :name=>"sql.active_record", :connection_id=>-584142898, :statement_name=>nil, :binds=>[], :time=>2014-08-04 18:41:46 +0900, :duration=>0.33914900000000003}, {:sql=>"SELECT \"schema_migrations\".* FROM \"schema_migrations\"", :name=>"sql.active_record", :connection_id=>-584142898, :statement_name=>nil, :binds=>[], :time=>2014-08-04 18:41:46 +0900, :duration=>0.44}], :created_at=>2014-08-04 18:41:46 +0900}
Completed 200 OK in 20ms (Views: 7.8ms | ActiveRecord: 0.4ms)


Started GET "/users" for 192.168.56.1 at 2014-08-04 18:41:54 +0900
Processing by UsersController#index as HTML
  [1m[36mUser Load (0.1ms)[0m  [1mSELECT "users".* FROM "users"[0m
  Rendered users/index.html.erb within layouts/application (1.3ms)
{:controller=>{:controller=>"UsersController", :action=>"index", :params=>{"action"=>"index", "controller"=>"users"}, :format=>:html, :method=>"GET", :path=>"/users", :status=>200, :view_runtime=>63.17018100000001, :db_runtime=>0.12766899999999998, :name=>"process_action.action_controller", :time=>2014-08-04 18:41:54 +0900, :duration=>64.87011299999999}, :views=>[{:virtual_path=>"users/index", :identifier=>"/home/ms/git/shot_range/test/dummy/app/views/users/index.html.erb", :name=>"!compile_template.action_view", :time=>2014-08-04 18:41:54 +0900, :duration=>0.460952}, {:virtual_path=>"users/index", :identifier=>"/home/ms/git/shot_range/test/dummy/app/views/users/index.html.erb", :name=>"!render_template.action_view", :time=>2014-08-04 18:41:54 +0900, :duration=>1.156011}, {:identifier=>"/home/ms/git/shot_range/test/dummy/app/views/users/index.html.erb", :layout=>"layouts/application", :name=>"render_template.action_view", :time=>2014-08-04 18:41:54 +0900, :duration=>1.273903}, {:virtual_path=>"layouts/application", :identifier=>"/home/ms/git/shot_range/test/dummy/app/views/layouts/application.html.erb", :name=>"!compile_template.action_view", :time=>2014-08-04 18:41:54 +0900, :duration=>0.37211299999999997}, {:virtual_path=>"layouts/application", :identifier=>"/home/ms/git/shot_range/test/dummy/app/views/layouts/application.html.erb", :name=>"!render_template.action_view", :time=>2014-08-04 18:41:54 +0900, :duration=>60.749207}], :queries=>[{:sql=>"SELECT \"users\".* FROM \"users\"", :name=>"sql.active_record", :connection_id=>-584142898, :statement_name=>nil, :binds=>[], :time=>2014-08-04 18:41:54 +0900, :duration=>0.20756799999999997}], :created_at=>2014-08-04 18:41:55 +0900}
Completed 200 OK in 66ms (Views: 63.2ms | ActiveRecord: 0.1ms)


Started GET "/assets/scaffold.css?body=1" for 192.168.56.1 at 2014-08-04 18:41:55 +0900


Started GET "/assets/users.css?body=1" for 192.168.56.1 at 2014-08-04 18:41:55 +0900


Started GET "/assets/application.css?body=1" for 192.168.56.1 at 2014-08-04 18:41:55 +0900


Started GET "/assets/users.js?body=1" for 192.168.56.1 at 2014-08-04 18:41:55 +0900


Started GET "/assets/application.js?body=1" for 192.168.56.1 at 2014-08-04 18:41:55 +0900


Started GET "/users" for 192.168.56.1 at 2014-08-04 18:41:58 +0900
Processing by UsersController#index as HTML
  [1m[35mUser Load (0.3ms)[0m  SELECT "users".* FROM "users"
  Rendered users/index.html.erb within layouts/application (1.8ms)
{:controller=>{:controller=>"UsersController", :action=>"index", :params=>{"action"=>"index", "controller"=>"users"}, :format=>:html, :method=>"GET", :path=>"/users", :status=>200, :view_runtime=>10.049857, :db_runtime=>0.260089, :name=>"process_action.action_controller", :time=>2014-08-04 18:41:58 +0900, :duration=>10.708319000000001}, :views=>[{:virtual_path=>"users/index", :identifier=>"/home/ms/git/shot_range/test/dummy/app/views/users/index.html.erb", :name=>"!render_template.action_view", :time=>2014-08-04 18:41:58 +0900, :duration=>1.536225}, {:identifier=>"/home/ms/git/shot_range/test/dummy/app/views/users/index.html.erb", :layout=>"layouts/application", :name=>"render_template.action_view", :time=>2014-08-04 18:41:58 +0900, :duration=>1.743234}, {:virtual_path=>"layouts/application", :identifier=>"/home/ms/git/shot_range/test/dummy/app/views/layouts/application.html.erb", :name=>"!render_template.action_view", :time=>2014-08-04 18:41:58 +0900, :duration=>4.623482}], :queries=>[{:sql=>"SELECT \"users\".* FROM \"users\"", :name=>"sql.active_record", :connection_id=>-584142898, :statement_name=>nil, :binds=>[], :time=>2014-08-04 18:41:58 +0900, :duration=>0.770208}], :created_at=>2014-08-04 18:41:58 +0900}
Completed 200 OK in 12ms (Views: 10.0ms | ActiveRecord: 0.3ms)


Started GET "/assets/scaffold.css?body=1" for 192.168.56.1 at 2014-08-04 18:41:58 +0900


Started GET "/assets/application.css?body=1" for 192.168.56.1 at 2014-08-04 18:41:58 +0900


Started GET "/assets/users.css?body=1" for 192.168.56.1 at 2014-08-04 18:41:58 +0900


Started GET "/assets/application.js?body=1" for 192.168.56.1 at 2014-08-04 18:41:58 +0900


Started GET "/assets/users.js?body=1" for 192.168.56.1 at 2014-08-04 18:41:58 +0900


Started GET "/users" for 192.168.56.1 at 2014-08-04 18:45:01 +0900
  [1m[36mActiveRecord::SchemaMigration Load (0.1ms)[0m  [1mSELECT "schema_migrations".* FROM "schema_migrations"[0m
Processing by UsersController#index as HTML
  [1m[35mUser Load (0.1ms)[0m  SELECT "users".* FROM "users"
  Rendered users/index.html.erb within layouts/application (1.9ms)
{:controller=>{:controller=>"UsersController", :action=>"index", :params=>{"action"=>"index", "controller"=>"users"}, :format=>:html, :method=>"GET", :path=>"/users", :status=>200, :view_runtime=>37.816463, :db_runtime=>0.122641, :name=>"process_action.action_controller", :time=>"2014-08-04 18:45:01 +0900", :duration=>39.337044}, :views=>[{:virtual_path=>"users/index", :identifier=>"/home/ms/git/shot_range/test/dummy/app/views/users/index.html.erb", :name=>"!compile_template.action_view", :time=>"2014-08-04 18:45:01 +0900", :duration=>0.532189}, {:virtual_path=>"users/index", :identifier=>"/home/ms/git/shot_range/test/dummy/app/views/users/index.html.erb", :name=>"!render_template.action_view", :time=>"2014-08-04 18:45:01 +0900", :duration=>1.845761}, {:identifier=>"/home/ms/git/shot_range/test/dummy/app/views/users/index.html.erb", :layout=>"layouts/application", :name=>"render_template.action_view", :time=>"2014-08-04 18:45:01 +0900", :duration=>1.930968}, {:virtual_path=>"layouts/application", :identifier=>"/home/ms/git/shot_range/test/dummy/app/views/layouts/application.html.erb", :name=>"!compile_template.action_view", :time=>"2014-08-04 18:45:01 +0900", :duration=>0.34752900000000003}, {:virtual_path=>"layouts/application", :identifier=>"/home/ms/git/shot_range/test/dummy/app/views/layouts/application.html.erb", :name=>"!render_template.action_view", :time=>"2014-08-04 18:45:01 +0900", :duration=>31.880526}], :queries=>[{:sql=>"          SELECT name\n          FROM sqlite_master\n          WHERE type = 'table' AND NOT name = 'sqlite_sequence'\n AND name = \"schema_migrations\"", :name=>"sql.active_record", :connection_id=>-585913748, :statement_name=>nil, :binds=>[], :time=>"2014-08-04 18:45:01 +0900", :duration=>0.919668}, {:sql=>"SELECT \"schema_migrations\".* FROM \"schema_migrations\"", :name=>"sql.active_record", :connection_id=>-585913748, :statement_name=>nil, :binds=>[], :time=>"2014-08-04 18:45:01 +0900", :duration=>0.250869}, {:sql=>"PRAGMA table_info(\"schema_migrations\")", :name=>"sql.active_record", :connection_id=>-585913748, :statement_name=>nil, :binds=>[], :time=>"2014-08-04 18:45:01 +0900", :duration=>0.131302}, {:sql=>"          SELECT name\n          FROM sqlite_master\n          WHERE type = 'table' AND NOT name = 'sqlite_sequence'\n AND name = \"schema_migrations\"", :name=>"sql.active_record", :connection_id=>-585913748, :statement_name=>nil, :binds=>[], :time=>"2014-08-04 18:45:01 +0900", :duration=>0.108953}, {:sql=>"          SELECT name\n          FROM sqlite_master\n          WHERE type = 'table' AND NOT name = 'sqlite_sequence'\n AND name = \"schema_migrations\"", :name=>"sql.active_record", :connection_id=>-585913748, :statement_name=>nil, :binds=>[], :time=>"2014-08-04 18:45:01 +0900", :duration=>0.113702}, {:sql=>"PRAGMA table_info(\"schema_migrations\")", :name=>"sql.active_record", :connection_id=>-585913748, :statement_name=>nil, :binds=>[], :time=>"2014-08-04 18:45:01 +0900", :duration=>0.04414}, {:sql=>"SELECT \"users\".* FROM \"users\"", :name=>"sql.active_record", :connection_id=>-585913748, :statement_name=>nil, :binds=>[], :time=>"2014-08-04 18:45:01 +0900", :duration=>0.34222199999999997}], :created_at=>2014-08-04 18:45:01 +0900}
Completed 200 OK in 43ms (Views: 37.8ms | ActiveRecord: 0.1ms)


Started GET "/assets/scaffold.css?body=1" for 192.168.56.1 at 2014-08-04 18:45:01 +0900


Started GET "/assets/users.css?body=1" for 192.168.56.1 at 2014-08-04 18:45:01 +0900


Started GET "/assets/application.css?body=1" for 192.168.56.1 at 2014-08-04 18:45:01 +0900


Started GET "/assets/application.js?body=1" for 192.168.56.1 at 2014-08-04 18:45:01 +0900


Started GET "/assets/users.js?body=1" for 192.168.56.1 at 2014-08-04 18:45:01 +0900


Started GET "/users" for 192.168.56.1 at 2014-08-04 18:45:05 +0900
Processing by UsersController#index as HTML
  [1m[36mUser Load (0.2ms)[0m  [1mSELECT "users".* FROM "users"[0m
  Rendered users/index.html.erb within layouts/application (1.2ms)
{:controller=>{:controller=>"UsersController", :action=>"index", :params=>{"action"=>"index", "controller"=>"users"}, :format=>:html, :method=>"GET", :path=>"/users", :status=>200, :view_runtime=>5.779491999999999, :db_runtime=>0.152533, :name=>"process_action.action_controller", :time=>"2014-08-04 18:45:05 +0900", :duration=>6.327046999999999}, :views=>[{:virtual_path=>"users/index", :identifier=>"/home/ms/git/shot_range/test/dummy/app/views/users/index.html.erb", :name=>"!render_template.action_view", :time=>"2014-08-04 18:45:05 +0900", :duration=>1.083096}, {:identifier=>"/home/ms/git/shot_range/test/dummy/app/views/users/index.html.erb", :layout=>"layouts/application", :name=>"render_template.action_view", :time=>"2014-08-04 18:45:05 +0900", :duration=>1.179757}, {:virtual_path=>"layouts/application", :identifier=>"/home/ms/git/shot_range/test/dummy/app/views/layouts/application.html.erb", :name=>"!render_template.action_view", :time=>"2014-08-04 18:45:05 +0900", :duration=>3.1029}], :queries=>[{:sql=>"SELECT \"users\".* FROM \"users\"", :name=>"sql.active_record", :connection_id=>-585913748, :statement_name=>nil, :binds=>[], :time=>"2014-08-04 18:45:05 +0900", :duration=>0.43692600000000004}], :created_at=>2014-08-04 18:45:05 +0900}
Completed 200 OK in 7ms (Views: 5.8ms | ActiveRecord: 0.2ms)


Started GET "/assets/scaffold.css?body=1" for 192.168.56.1 at 2014-08-04 18:45:05 +0900


Started GET "/assets/users.css?body=1" for 192.168.56.1 at 2014-08-04 18:45:05 +0900


Started GET "/assets/users.js?body=1" for 192.168.56.1 at 2014-08-04 18:45:05 +0900


Started GET "/assets/application.css?body=1" for 192.168.56.1 at 2014-08-04 18:45:05 +0900


Started GET "/assets/application.js?body=1" for 192.168.56.1 at 2014-08-04 18:45:05 +0900


Started GET "/users" for 192.168.56.1 at 2014-08-04 18:46:00 +0900
  [1m[36mActiveRecord::SchemaMigration Load (0.1ms)[0m  [1mSELECT "schema_migrations".* FROM "schema_migrations"[0m
Processing by UsersController#index as HTML
  [1m[35mUser Load (0.1ms)[0m  SELECT "users".* FROM "users"
  Rendered users/index.html.erb within layouts/application (2.1ms)
{:views=>[{:virtual_path=>"users/index", :identifier=>"/home/ms/git/shot_range/test/dummy/app/views/users/index.html.erb", :name=>"!compile_template.action_view", :time=>"2014-08-04 18:46:00 +0900", :duration=>0.408431}, {:virtual_path=>"users/index", :identifier=>"/home/ms/git/shot_range/test/dummy/app/views/users/index.html.erb", :name=>"!render_template.action_view", :time=>"2014-08-04 18:46:00 +0900", :duration=>1.939907}, {:identifier=>"/home/ms/git/shot_range/test/dummy/app/views/users/index.html.erb", :layout=>"layouts/application", :name=>"render_template.action_view", :time=>"2014-08-04 18:46:00 +0900", :duration=>2.069254}, {:virtual_path=>"layouts/application", :identifier=>"/home/ms/git/shot_range/test/dummy/app/views/layouts/application.html.erb", :name=>"!compile_template.action_view", :time=>"2014-08-04 18:46:00 +0900", :duration=>0.24612100000000003}, {:virtual_path=>"layouts/application", :identifier=>"/home/ms/git/shot_range/test/dummy/app/views/layouts/application.html.erb", :name=>"!render_template.action_view", :time=>"2014-08-04 18:46:00 +0900", :duration=>33.096315000000004}], :queries=>[{:sql=>"          SELECT name\n          FROM sqlite_master\n          WHERE type = 'table' AND NOT name = 'sqlite_sequence'\n AND name = \"schema_migrations\"", :name=>"sql.active_record", :connection_id=>-585189698, :statement_name=>nil, :binds=>[], :time=>"2014-08-04 18:46:00 +0900", :duration=>0.9855980000000001}, {:sql=>"SELECT \"schema_migrations\".* FROM \"schema_migrations\"", :name=>"sql.active_record", :connection_id=>-585189698, :statement_name=>nil, :binds=>[], :time=>"2014-08-04 18:46:00 +0900", :duration=>0.286908}, {:sql=>"PRAGMA table_info(\"schema_migrations\")", :name=>"sql.active_record", :connection_id=>-585189698, :statement_name=>nil, :binds=>[], :time=>"2014-08-04 18:46:00 +0900", :duration=>0.086045}, {:sql=>"          SELECT name\n          FROM sqlite_master\n          WHERE type = 'table' AND NOT name = 'sqlite_sequence'\n AND name = \"schema_migrations\"", :name=>"sql.active_record", :connection_id=>-585189698, :statement_name=>nil, :binds=>[], :time=>"2014-08-04 18:46:00 +0900", :duration=>0.249473}, {:sql=>"          SELECT name\n          FROM sqlite_master\n          WHERE type = 'table' AND NOT name = 'sqlite_sequence'\n AND name = \"schema_migrations\"", :name=>"sql.active_record", :connection_id=>-585189698, :statement_name=>nil, :binds=>[], :time=>"2014-08-04 18:46:00 +0900", :duration=>0.100851}, {:sql=>"PRAGMA table_info(\"schema_migrations\")", :name=>"sql.active_record", :connection_id=>-585189698, :statement_name=>nil, :binds=>[], :time=>"2014-08-04 18:46:00 +0900", :duration=>0.065371}, {:sql=>"SELECT \"users\".* FROM \"users\"", :name=>"sql.active_record", :connection_id=>-585189698, :statement_name=>nil, :binds=>[], :time=>"2014-08-04 18:46:00 +0900", :duration=>0.320152}], :controller=>"UsersController", :action=>"index", :params=>{"action"=>"index", "controller"=>"users"}, :format=>:html, :method=>"GET", :path=>"/users", :status=>200, :view_runtime=>39.51415599999999, :db_runtime=>0.12208299999999998, :name=>"process_action.action_controller", :time=>"2014-08-04 18:46:00 +0900", :duration=>41.081391, :created_at=>"2014-08-04 18:46:01 +0900"}
Completed 200 OK in 45ms (Views: 39.5ms | ActiveRecord: 0.1ms)


Started GET "/assets/scaffold.css?body=1" for 192.168.56.1 at 2014-08-04 18:46:01 +0900


Started GET "/assets/users.css?body=1" for 192.168.56.1 at 2014-08-04 18:46:01 +0900


Started GET "/assets/application.css?body=1" for 192.168.56.1 at 2014-08-04 18:46:01 +0900


Started GET "/assets/application.js?body=1" for 192.168.56.1 at 2014-08-04 18:46:01 +0900


Started GET "/assets/users.js?body=1" for 192.168.56.1 at 2014-08-04 18:46:01 +0900


Started GET "/users" for 192.168.56.1 at 2014-08-04 18:46:04 +0900
Processing by UsersController#index as HTML
  [1m[36mUser Load (0.3ms)[0m  [1mSELECT "users".* FROM "users"[0m
  Rendered users/index.html.erb within layouts/application (1.7ms)
{:views=>[{:virtual_path=>"users/index", :identifier=>"/home/ms/git/shot_range/test/dummy/app/views/users/index.html.erb", :name=>"!render_template.action_view", :time=>"2014-08-04 18:46:04 +0900", :duration=>1.550473}, {:identifier=>"/home/ms/git/shot_range/test/dummy/app/views/users/index.html.erb", :layout=>"layouts/application", :name=>"render_template.action_view", :time=>"2014-08-04 18:46:04 +0900", :duration=>1.692669}, {:virtual_path=>"layouts/application", :identifier=>"/home/ms/git/shot_range/test/dummy/app/views/layouts/application.html.erb", :name=>"!render_template.action_view", :time=>"2014-08-04 18:46:04 +0900", :duration=>3.221632}], :queries=>[{:sql=>"SELECT \"users\".* FROM \"users\"", :name=>"sql.active_record", :connection_id=>-585189698, :statement_name=>nil, :binds=>[], :time=>"2014-08-04 18:46:04 +0900", :duration=>0.689192}], :controller=>"UsersController", :action=>"index", :params=>{"action"=>"index", "controller"=>"users"}, :format=>:html, :method=>"GET", :path=>"/users", :status=>200, :view_runtime=>8.37479, :db_runtime=>0.269866, :name=>"process_action.action_controller", :time=>"2014-08-04 18:46:04 +0900", :duration=>9.103931, :created_at=>"2014-08-04 18:46:04 +0900"}
Completed 200 OK in 10ms (Views: 8.4ms | ActiveRecord: 0.3ms)


Started GET "/assets/scaffold.css?body=1" for 192.168.56.1 at 2014-08-04 18:46:04 +0900


Started GET "/assets/users.js?body=1" for 192.168.56.1 at 2014-08-04 18:46:04 +0900


Started GET "/assets/users.css?body=1" for 192.168.56.1 at 2014-08-04 18:46:04 +0900


Started GET "/assets/application.js?body=1" for 192.168.56.1 at 2014-08-04 18:46:04 +0900


Started GET "/assets/application.css?body=1" for 192.168.56.1 at 2014-08-04 18:46:04 +0900


Started GET "/" for 192.168.56.1 at 2014-08-05 15:56:01 +0900
  [1m[36mActiveRecord::SchemaMigration Load (0.1ms)[0m  [1mSELECT "schema_migrations".* FROM "schema_migrations"[0m
Processing by Rails::WelcomeController#index as HTML
  Rendered /usr/local/lib/ruby/gems/2.1.0/gems/railties-4.1.4/lib/rails/templates/rails/welcome/index.html.erb (1.5ms)
{:views=>[{:virtual_path=>"rails/welcome/index", :identifier=>"/usr/local/lib/ruby/gems/2.1.0/gems/railties-4.1.4/lib/rails/templates/rails/welcome/index.html.erb", :name=>"!compile_template.action_view", :time=>"2014-08-05 15:56:01 +0900", :duration=>0.6241009999999999}, {:virtual_path=>"rails/welcome/index", :identifier=>"/usr/local/lib/ruby/gems/2.1.0/gems/railties-4.1.4/lib/rails/templates/rails/welcome/index.html.erb", :name=>"!render_template.action_view", :time=>"2014-08-05 15:56:01 +0900", :duration=>1.4082759999999999}, {:identifier=>"/usr/local/lib/ruby/gems/2.1.0/gems/railties-4.1.4/lib/rails/templates/rails/welcome/index.html.erb", :layout=>nil, :name=>"render_template.action_view", :time=>"2014-08-05 15:56:01 +0900", :duration=>1.5007460000000001}], :queries=>[{:sql=>"          SELECT name\n          FROM sqlite_master\n          WHERE type = 'table' AND NOT name = 'sqlite_sequence'\n AND name = \"schema_migrations\"", :name=>"sql.active_record", :connection_id=>-579415508, :statement_name=>nil, :binds=>[], :time=>"2014-08-05 15:56:01 +0900", :duration=>1.287871}, {:sql=>"SELECT \"schema_migrations\".* FROM \"schema_migrations\"", :name=>"sql.active_record", :connection_id=>-579415508, :statement_name=>nil, :binds=>[], :time=>"2014-08-05 15:56:01 +0900", :duration=>0.28802500000000003}, {:sql=>"PRAGMA table_info(\"schema_migrations\")", :name=>"sql.active_record", :connection_id=>-579415508, :statement_name=>nil, :binds=>[], :time=>"2014-08-05 15:56:01 +0900", :duration=>0.108114}, {:sql=>"          SELECT name\n          FROM sqlite_master\n          WHERE type = 'table' AND NOT name = 'sqlite_sequence'\n AND name = \"schema_migrations\"", :name=>"sql.active_record", :connection_id=>-579415508, :statement_name=>nil, :binds=>[], :time=>"2014-08-05 15:56:01 +0900", :duration=>0.116495}, {:sql=>"          SELECT name\n          FROM sqlite_master\n          WHERE type = 'table' AND NOT name = 'sqlite_sequence'\n AND name = \"schema_migrations\"", :name=>"sql.active_record", :connection_id=>-579415508, :statement_name=>nil, :binds=>[], :time=>"2014-08-05 15:56:01 +0900", :duration=>0.116216}, {:sql=>"PRAGMA table_info(\"schema_migrations\")", :name=>"sql.active_record", :connection_id=>-579415508, :statement_name=>nil, :binds=>[], :time=>"2014-08-05 15:56:01 +0900", :duration=>0.09749799999999999}], :controller=>"Rails::WelcomeController", :action=>"index", :params=>{"controller"=>"rails/welcome", "action"=>"index"}, :format=>:html, :method=>"GET", :path=>"/", :status=>200, :view_runtime=>28.004059, :db_runtime=>0, :name=>"process_action.action_controller", :time=>"2014-08-05 15:56:01 +0900", :duration=>28.423944, :created_at=>"2014-08-05 15:56:01 +0900"}
Completed 200 OK in 30ms (Views: 28.0ms | ActiveRecord: 0.0ms)


Started GET "/users/" for 192.168.56.1 at 2014-08-05 15:56:05 +0900
Processing by UsersController#index as HTML
  [1m[35mUser Load (0.2ms)[0m  SELECT "users".* FROM "users"
  Rendered users/index.html.erb within layouts/application (2.7ms)
{:views=>[{:virtual_path=>"users/index", :identifier=>"/home/ms/git/shot_range/test/dummy/app/views/users/index.html.erb", :name=>"!compile_template.action_view", :time=>"2014-08-05 15:56:06 +0900", :duration=>0.871618}, {:virtual_path=>"users/index", :identifier=>"/home/ms/git/shot_range/test/dummy/app/views/users/index.html.erb", :name=>"!render_template.action_view", :time=>"2014-08-05 15:56:06 +0900", :duration=>2.446674}, {:identifier=>"/home/ms/git/shot_range/test/dummy/app/views/users/index.html.erb", :layout=>"layouts/application", :name=>"render_template.action_view", :time=>"2014-08-05 15:56:06 +0900", :duration=>2.723245}, {:virtual_path=>"layouts/application", :identifier=>"/home/ms/git/shot_range/test/dummy/app/views/layouts/application.html.erb", :name=>"!compile_template.action_view", :time=>"2014-08-05 15:56:06 +0900", :duration=>0.5609639999999999}, {:virtual_path=>"layouts/application", :identifier=>"/home/ms/git/shot_range/test/dummy/app/views/layouts/application.html.erb", :name=>"!render_template.action_view", :time=>"2014-08-05 15:56:06 +0900", :duration=>55.609185}], :queries=>[{:sql=>"SELECT \"users\".* FROM \"users\"", :name=>"sql.active_record", :connection_id=>-579415508, :statement_name=>nil, :binds=>[], :time=>"2014-08-05 15:56:06 +0900", :duration=>0.419326}], :controller=>"UsersController", :action=>"index", :params=>{"action"=>"index", "controller"=>"users"}, :format=>:html, :method=>"GET", :path=>"/users", :status=>200, :view_runtime=>68.710265, :db_runtime=>0.231872, :name=>"process_action.action_controller", :time=>"2014-08-05 15:56:05 +0900", :duration=>72.103984, :created_at=>"2014-08-05 15:56:06 +0900"}
Completed 200 OK in 73ms (Views: 68.7ms | ActiveRecord: 0.2ms)


Started GET "/assets/scaffold.css?body=1" for 192.168.56.1 at 2014-08-05 15:56:06 +0900


Started GET "/assets/users.css?body=1" for 192.168.56.1 at 2014-08-05 15:56:06 +0900


Started GET "/assets/application.css?body=1" for 192.168.56.1 at 2014-08-05 15:56:06 +0900


Started GET "/assets/users.js?body=1" for 192.168.56.1 at 2014-08-05 15:56:06 +0900


Started GET "/assets/application.js?body=1" for 192.168.56.1 at 2014-08-05 15:56:06 +0900


Started GET "/" for 192.168.56.1 at 2014-08-05 15:56:52 +0900
Processing by UsersController#index as HTML
  [1m[36mUser Load (0.3ms)[0m  [1mSELECT "users".* FROM "users"[0m
  Rendered users/index.html.erb within layouts/application (1.4ms)
{:views=>[{:virtual_path=>"users/index", :identifier=>"/home/ms/git/shot_range/test/dummy/app/views/users/index.html.erb", :name=>"!render_template.action_view", :time=>"2014-08-05 15:56:52 +0900", :duration=>1.3459780000000001}, {:identifier=>"/home/ms/git/shot_range/test/dummy/app/views/users/index.html.erb", :layout=>"layouts/application", :name=>"render_template.action_view", :time=>"2014-08-05 15:56:52 +0900", :duration=>1.473647}, {:virtual_path=>"layouts/application", :identifier=>"/home/ms/git/shot_range/test/dummy/app/views/layouts/application.html.erb", :name=>"!render_template.action_view", :time=>"2014-08-05 15:56:52 +0900", :duration=>2.820185}], :queries=>[{:sql=>"SELECT \"users\".* FROM \"users\"", :name=>"sql.active_record", :connection_id=>-622460278, :statement_name=>nil, :binds=>[], :time=>"2014-08-05 15:56:52 +0900", :duration=>0.508164}], :controller=>"UsersController", :action=>"index", :params=>{"controller"=>"users", "action"=>"index"}, :format=>:html, :method=>"GET", :path=>"/", :status=>200, :view_runtime=>6.072268, :db_runtime=>0.288863, :name=>"process_action.action_controller", :time=>"2014-08-05 15:56:52 +0900", :duration=>7.392265, :created_at=>"2014-08-05 15:56:52 +0900"}
Completed 200 OK in 8ms (Views: 6.1ms | ActiveRecord: 0.3ms)


Started GET "/assets/scaffold.css?body=1" for 192.168.56.1 at 2014-08-05 15:56:52 +0900


Started GET "/assets/users.css?body=1" for 192.168.56.1 at 2014-08-05 15:56:52 +0900


Started GET "/assets/application.css?body=1" for 192.168.56.1 at 2014-08-05 15:56:52 +0900


Started GET "/assets/application.js?body=1" for 192.168.56.1 at 2014-08-05 15:56:52 +0900


Started GET "/assets/users.js?body=1" for 192.168.56.1 at 2014-08-05 15:56:52 +0900


Started GET "/" for 192.168.56.1 at 2014-08-05 16:32:54 +0900
Processing by UsersController#index as HTML
  [1m[35mUser Load (0.2ms)[0m  SELECT "users".* FROM "users"
  Rendered users/index.html.erb within layouts/application (2.1ms)
{:views=>[{:virtual_path=>"users/index", :identifier=>"/home/ms/git/shot_range/test/dummy/app/views/users/index.html.erb", :name=>"!render_template.action_view", :time=>"2014-08-05 16:32:54 +0900", :duration=>1.9706350000000001}, {:identifier=>"/home/ms/git/shot_range/test/dummy/app/views/users/index.html.erb", :layout=>"layouts/application", :name=>"render_template.action_view", :time=>"2014-08-05 16:32:54 +0900", :duration=>2.036566}, {:virtual_path=>"layouts/application", :identifier=>"/home/ms/git/shot_range/test/dummy/app/views/layouts/application.html.erb", :name=>"!render_template.action_view", :time=>"2014-08-05 16:32:54 +0900", :duration=>1.650484}], :queries=>[{:sql=>"SELECT \"users\".* FROM \"users\"", :name=>"sql.active_record", :connection_id=>-622460278, :statement_name=>nil, :binds=>[], :time=>"2014-08-05 16:32:54 +0900", :duration=>0.32965}], :controller=>"UsersController", :action=>"index", :params=>{"controller"=>"users", "action"=>"index"}, :format=>:html, :method=>"GET", :path=>"/", :status=>200, :view_runtime=>4.835236, :db_runtime=>0.161752, :name=>"process_action.action_controller", :time=>"2014-08-05 16:32:54 +0900", :duration=>5.2743970000000004, :created_at=>"2014-08-05 16:32:54 +0900"}
Completed 200 OK in 6ms (Views: 4.8ms | ActiveRecord: 0.2ms)


Started GET "/assets/scaffold.css?body=1" for 192.168.56.1 at 2014-08-05 16:32:54 +0900


Started GET "/assets/users.css?body=1" for 192.168.56.1 at 2014-08-05 16:32:54 +0900


Started GET "/assets/application.css?body=1" for 192.168.56.1 at 2014-08-05 16:32:54 +0900


Started GET "/assets/application.js?body=1" for 192.168.56.1 at 2014-08-05 16:32:54 +0900


Started GET "/assets/users.js?body=1" for 192.168.56.1 at 2014-08-05 16:32:54 +0900


Started GET "/" for 192.168.56.1 at 2014-08-05 16:33:13 +0900
  [1m[36mActiveRecord::SchemaMigration Load (0.1ms)[0m  [1mSELECT "schema_migrations".* FROM "schema_migrations"[0m
Processing by UsersController#index as HTML
  [1m[35mUser Load (0.1ms)[0m  SELECT "users".* FROM "users"
  Rendered users/index.html.erb within layouts/application (2.0ms)

NameError (undefined local variable or method `request' for ShotRange::LogFormatter:Class):
  /home/ms/git/shot_range/lib/shot_range/log_formatter.rb:23:in `format'
  /home/ms/git/shot_range/lib/shot_range/logger.rb:9:in `output'
  /home/ms/git/shot_range/lib/shot_range.rb:23:in `block (2 levels) in <class:Railtie>'
  activesupport (4.1.4) lib/active_support/notifications/fanout.rb:122:in `call'
  activesupport (4.1.4) lib/active_support/notifications/fanout.rb:122:in `finish'
  activesupport (4.1.4) lib/active_support/notifications/fanout.rb:136:in `finish'
  activesupport (4.1.4) lib/active_support/notifications/fanout.rb:40:in `block in finish'
  activesupport (4.1.4) lib/active_support/notifications/fanout.rb:40:in `each'
  activesupport (4.1.4) lib/active_support/notifications/fanout.rb:40:in `finish'
  activesupport (4.1.4) lib/active_support/notifications/instrumenter.rb:36:in `finish'
  activesupport (4.1.4) lib/active_support/notifications/instrumenter.rb:25:in `instrument'
  activesupport (4.1.4) lib/active_support/notifications.rb:159:in `instrument'
  actionpack (4.1.4) lib/action_controller/metal/instrumentation.rb:30:in `process_action'
  actionpack (4.1.4) lib/action_controller/metal/params_wrapper.rb:250:in `process_action'
  activerecord (4.1.4) lib/active_record/railties/controller_runtime.rb:18:in `process_action'
  actionpack (4.1.4) lib/abstract_controller/base.rb:136:in `process'
  actionview (4.1.4) lib/action_view/rendering.rb:30:in `process'
  actionpack (4.1.4) lib/action_controller/metal.rb:196:in `dispatch'
  actionpack (4.1.4) lib/action_controller/metal/rack_delegation.rb:13:in `dispatch'
  actionpack (4.1.4) lib/action_controller/metal.rb:232:in `block in action'
  actionpack (4.1.4) lib/action_dispatch/routing/route_set.rb:82:in `call'
  actionpack (4.1.4) lib/action_dispatch/routing/route_set.rb:82:in `dispatch'
  actionpack (4.1.4) lib/action_dispatch/routing/route_set.rb:50:in `call'
  actionpack (4.1.4) lib/action_dispatch/journey/router.rb:71:in `block in call'
  actionpack (4.1.4) lib/action_dispatch/journey/router.rb:59:in `each'
  actionpack (4.1.4) lib/action_dispatch/journey/router.rb:59:in `call'
  actionpack (4.1.4) lib/action_dispatch/routing/route_set.rb:678:in `call'
  rack (1.5.2) lib/rack/etag.rb:23:in `call'
  rack (1.5.2) lib/rack/conditionalget.rb:25:in `call'
  rack (1.5.2) lib/rack/head.rb:11:in `call'
  actionpack (4.1.4) lib/action_dispatch/middleware/params_parser.rb:27:in `call'
  actionpack (4.1.4) lib/action_dispatch/middleware/flash.rb:254:in `call'
  rack (1.5.2) lib/rack/session/abstract/id.rb:225:in `context'
  rack (1.5.2) lib/rack/session/abstract/id.rb:220:in `call'
  actionpack (4.1.4) lib/action_dispatch/middleware/cookies.rb:560:in `call'
  activerecord (4.1.4) lib/active_record/query_cache.rb:36:in `call'
  activerecord (4.1.4) lib/active_record/connection_adapters/abstract/connection_pool.rb:621:in `call'
  activerecord (4.1.4) lib/active_record/migration.rb:380:in `call'
  actionpack (4.1.4) lib/action_dispatch/middleware/callbacks.rb:29:in `block in call'
  activesupport (4.1.4) lib/active_support/callbacks.rb:82:in `run_callbacks'
  actionpack (4.1.4) lib/action_dispatch/middleware/callbacks.rb:27:in `call'
  actionpack (4.1.4) lib/action_dispatch/middleware/reloader.rb:73:in `call'
  actionpack (4.1.4) lib/action_dispatch/middleware/remote_ip.rb:76:in `call'
  actionpack (4.1.4) lib/action_dispatch/middleware/debug_exceptions.rb:17:in `call'
  actionpack (4.1.4) lib/action_dispatch/middleware/show_exceptions.rb:30:in `call'
  railties (4.1.4) lib/rails/rack/logger.rb:38:in `call_app'
  railties (4.1.4) lib/rails/rack/logger.rb:20:in `block in call'
  activesupport (4.1.4) lib/active_support/tagged_logging.rb:68:in `block in tagged'
  activesupport (4.1.4) lib/active_support/tagged_logging.rb:26:in `tagged'
  activesupport (4.1.4) lib/active_support/tagged_logging.rb:68:in `tagged'
  railties (4.1.4) lib/rails/rack/logger.rb:20:in `call'
  actionpack (4.1.4) lib/action_dispatch/middleware/request_id.rb:21:in `call'
  rack (1.5.2) lib/rack/methodoverride.rb:21:in `call'
  rack (1.5.2) lib/rack/runtime.rb:17:in `call'
  activesupport (4.1.4) lib/active_support/cache/strategy/local_cache_middleware.rb:26:in `call'
  rack (1.5.2) lib/rack/lock.rb:17:in `call'
  actionpack (4.1.4) lib/action_dispatch/middleware/static.rb:64:in `call'
  rack (1.5.2) lib/rack/sendfile.rb:112:in `call'
  railties (4.1.4) lib/rails/engine.rb:514:in `call'
  railties (4.1.4) lib/rails/application.rb:144:in `call'
  rack (1.5.2) lib/rack/lock.rb:17:in `call'
  rack (1.5.2) lib/rack/content_length.rb:14:in `call'
  rack (1.5.2) lib/rack/handler/webrick.rb:60:in `service'
  /usr/local/lib/ruby/2.1.0/webrick/httpserver.rb:138:in `service'
  /usr/local/lib/ruby/2.1.0/webrick/httpserver.rb:94:in `run'
  /usr/local/lib/ruby/2.1.0/webrick/server.rb:295:in `block in start_thread'


  Rendered /usr/local/lib/ruby/gems/2.1.0/gems/actionpack-4.1.4/lib/action_dispatch/middleware/templates/rescues/_source.erb (0.5ms)
  Rendered /usr/local/lib/ruby/gems/2.1.0/gems/actionpack-4.1.4/lib/action_dispatch/middleware/templates/rescues/_trace.html.erb (0.9ms)
  Rendered /usr/local/lib/ruby/gems/2.1.0/gems/actionpack-4.1.4/lib/action_dispatch/middleware/templates/rescues/_request_and_response.html.erb (0.9ms)
  Rendered /usr/local/lib/ruby/gems/2.1.0/gems/actionpack-4.1.4/lib/action_dispatch/middleware/templates/rescues/diagnostics.erb within rescues/layout (13.2ms)


Started GET "/" for 192.168.56.1 at 2014-08-05 16:35:30 +0900
  [1m[36mActiveRecord::SchemaMigration Load (0.1ms)[0m  [1mSELECT "schema_migrations".* FROM "schema_migrations"[0m
Processing by UsersController#index as HTML
  [1m[35mUser Load (0.2ms)[0m  SELECT "users".* FROM "users"
  Rendered users/index.html.erb within layouts/application (2.7ms)
{:views=>[{:virtual_path=>"users/index", :identifier=>"/home/ms/git/shot_range/test/dummy/app/views/users/index.html.erb", :name=>"!compile_template.action_view", :time=>"2014-08-05 16:35:30 +0900", :duration=>0.6403030000000001}, {:virtual_path=>"users/index", :identifier=>"/home/ms/git/shot_range/test/dummy/app/views/users/index.html.erb", :name=>"!render_template.action_view", :time=>"2014-08-05 16:35:30 +0900", :duration=>2.629376}, {:identifier=>"/home/ms/git/shot_range/test/dummy/app/views/users/index.html.erb", :layout=>"layouts/application", :name=>"render_template.action_view", :time=>"2014-08-05 16:35:30 +0900", :duration=>2.703408}, {:virtual_path=>"layouts/application", :identifier=>"/home/ms/git/shot_range/test/dummy/app/views/layouts/application.html.erb", :name=>"!compile_template.action_view", :time=>"2014-08-05 16:35:30 +0900", :duration=>0.15281299999999998}, {:virtual_path=>"layouts/application", :identifier=>"/home/ms/git/shot_range/test/dummy/app/views/layouts/application.html.erb", :name=>"!render_template.action_view", :time=>"2014-08-05 16:35:30 +0900", :duration=>31.759549}], :queries=>[{:sql=>"          SELECT name\n          FROM sqlite_master\n          WHERE type = 'table' AND NOT name = 'sqlite_sequence'\n AND name = \"schema_migrations\"", :name=>"sql.active_record", :connection_id=>-582110828, :statement_name=>nil, :binds=>[], :time=>"2014-08-05 16:35:30 +0900", :duration=>0.881116}, {:sql=>"SELECT \"schema_migrations\".* FROM \"schema_migrations\"", :name=>"sql.active_record", :connection_id=>-582110828, :statement_name=>nil, :binds=>[], :time=>"2014-08-05 16:35:30 +0900", :duration=>0.300316}, {:sql=>"PRAGMA table_info(\"schema_migrations\")", :name=>"sql.active_record", :connection_id=>-582110828, :statement_name=>nil, :binds=>[], :time=>"2014-08-05 16:35:30 +0900", :duration=>0.10280600000000001}, {:sql=>"          SELECT name\n          FROM sqlite_master\n          WHERE type = 'table' AND NOT name = 'sqlite_sequence'\n AND name = \"schema_migrations\"", :name=>"sql.active_record", :connection_id=>-582110828, :statement_name=>nil, :binds=>[], :time=>"2014-08-05 16:35:30 +0900", :duration=>0.101968}, {:sql=>"          SELECT name\n          FROM sqlite_master\n          WHERE type = 'table' AND NOT name = 'sqlite_sequence'\n AND name = \"schema_migrations\"", :name=>"sql.active_record", :connection_id=>-582110828, :statement_name=>nil, :binds=>[], :time=>"2014-08-05 16:35:30 +0900", :duration=>0.143873}, {:sql=>"PRAGMA table_info(\"schema_migrations\")", :name=>"sql.active_record", :connection_id=>-582110828, :statement_name=>nil, :binds=>[], :time=>"2014-08-05 16:35:30 +0900", :duration=>0.08604400000000001}, {:sql=>"SELECT \"users\".* FROM \"users\"", :name=>"sql.active_record", :connection_id=>-582110828, :statement_name=>nil, :binds=>[], :time=>"2014-08-05 16:35:30 +0900", :duration=>0.375745}], :controller=>"UsersController", :action=>"index", :params=>{"controller"=>"users", "action"=>"index"}, :format=>:html, :method=>"GET", :path=>"/", :status=>200, :view_runtime=>38.174313999999995, :db_runtime=>0.21203699999999998, :name=>"process_action.action_controller", :time=>"2014-08-05 16:35:30 +0900", :duration=>41.843765, :hostname=>"fedora", :created_at=>"2014-08-05 16:35:30 +0900"}
Completed 200 OK in 43ms (Views: 38.2ms | ActiveRecord: 0.2ms)


Started GET "/assets/scaffold.css?body=1" for 192.168.56.1 at 2014-08-05 16:35:30 +0900


Started GET "/assets/users.css?body=1" for 192.168.56.1 at 2014-08-05 16:35:30 +0900


Started GET "/assets/application.css?body=1" for 192.168.56.1 at 2014-08-05 16:35:30 +0900


Started GET "/assets/application.js?body=1" for 192.168.56.1 at 2014-08-05 16:35:30 +0900


Started GET "/assets/users.js?body=1" for 192.168.56.1 at 2014-08-05 16:35:30 +0900
